-1.005700133525142315e+00
-9.020776732802719966e-01
-7.765128289071387968e-01
-9.172930741567042467e-01
-9.893520850528751964e-01
-1.005681999512326064e+00
-1.101149371552634149e+00
-1.093452759084043713e+00
-9.619396249081809680e-01
-1.002710825545102269e+00
-8.878281050615534076e-01
-1.117780680964644002e+00
-1.001325298079452253e+00
-1.074948769144063121e+00
-1.121220123151140280e+00
-1.040394129286400293e+00
-1.248006953401407326e+00
-1.273115914682673822e+00
8.477040803082609433e-01
1.200381111433065584e+00
-1.271503613219407303e+00
-1.239957961463950875e+00
-1.188739258521977371e+00
-1.247009581214364671e+00
-1.213231429359725944e+00
-1.187566158619686840e+00
-1.177181161053360237e+00
-9.658094546472300035e-01
-1.182955888082968920e+00
-1.193795961099132219e+00
-1.192315123146446165e+00
-1.189761676278142888e+00
-1.108413523808725376e+00
-1.041432905694725131e+00
-1.122264540469871008e+00
-1.224881469218684460e+00
-1.183173504121616482e+00
-1.179029135996388478e+00
-1.070795760051559409e+00
-1.151187878122781116e+00
5.799299727581302966e-01
2.867250831253123633e-01
1.447408372930582832e-01
1.505275017901559209e-01
1.013280248248819154e-01
5.431137328765667238e-01
3.332736349392316555e+00
4.691983651315032589e+00
3.428191982883392885e+00
5.264547666839272111e+00
5.510670225991853854e+00
9.919374572645033084e+00
9.041361690770584048e+00
1.247939700575116184e+01
1.301992447983981904e+01
1.959514698971582192e+01
1.736929828200169368e+01
1.956107328495340880e+01
1.297322004871857928e+02
1.274626337235022078e+02
2.425877942167041823e+01
2.880918686863191169e+01
2.511582996789900335e+01
2.787417751109967057e+01
2.046886225611092058e+01
2.686936251726264757e+01
2.896374183425144011e+01
1.892021968428767664e+01
2.555451410328587514e+01
3.724674818992903624e+01
3.146320557874798851e+01
2.230365196320072485e+01
1.003523182480611275e+01
5.083569747763013957e+00
8.350687590142136685e+00
2.097781850052662733e+01
3.925320700334525270e+01
4.318774676581279692e+01
4.424075485249557182e+00
4.262167837949701266e+01
3.661739020497290498e-01
1.501639503702908718e-01
7.142615487362298510e-02
6.631540423837158083e-02
7.531672701377552237e-02
4.229205955802446959e-01
2.537513622379664380e+00
3.468432116865552306e+00
2.476152298215486436e+00
3.810387202709203169e+00
4.018595442885717794e+00
6.967243708788927847e+00
6.042084693997907152e+00
7.443817937229450621e+00
8.616869878852860154e+00
1.142314175934131804e+01
1.067358239858278424e+01
1.216844840281059881e+01
8.077276671343339842e+01
8.319827410183732752e+01
1.636159474969193894e+01
1.995912795753517699e+01
1.911262892480502629e+01
2.233758825966606665e+01
2.061979990918828776e+01
3.276033809035100575e+01
3.990487087835587232e+01
3.619024015253899762e+01
3.795902799755855028e+01
5.617821011610735837e+01
4.890822828345660866e+01
3.708945303957066386e+01
1.248474781475785456e+01
7.104448361520834254e+00
1.316253615353822681e+01
2.415586475050906401e+01
5.293137757661251186e+01
5.368985831387504248e+01
3.592625432371597149e+00
4.482259281458552636e+01
