0.0000 0.3679 0.3679 -4.4534
1.0000 0.5273 0.5273 -7.3888
2.0000 0.6977 0.6977 -6.5669
3.0000 0.8522 0.8522 -5.2838
4.0000 0.9608 0.9608 -2.3588
5.0000 1.0001 1.0001 0.9142
6.0000 0.9612 0.9612 4.1330
7.0000 0.8533 0.8533 6.2119
8.0000 0.7008 0.7008 6.9349
9.0000 0.5352 0.5352 6.1496
10.0000 0.3862 0.3862 4.3479
11.0000 0.2761 0.2761 1.9111
12.0000 0.2182 0.2182 -0.6416
13.0000 0.2182 0.2182 -3.0624
14.0000 0.2761 0.2761 -5.0181
15.0000 0.3862 0.3862 -6.2587
16.0000 0.5352 0.5352 -6.4046
17.0000 0.7008 0.7008 -5.2582
18.0000 0.8533 0.8533 -2.8269
19.0000 0.9612 0.9612 0.4176
20.0000 1.0001 1.0001 3.7360
21.0000 0.9608 0.9608 6.2640
22.0000 0.8522 0.8522 7.4358
23.0000 0.6977 0.6977 7.1032
24.0000 0.5273 0.5273 5.6114
25.0000 0.3679 0.3679 3.5219
26.0000 0.2369 0.2369 1.4159
27.0000 0.1409 0.1409 -0.3695
28.0000 0.0777 0.0777 -1.7735
29.0000 0.0423 0.0423 -3.1161
30.0000 0.0366 0.0366 -5.0786
31.0000 0.0852 0.0852 -8.2453
32.0000 0.2401 0.2401 -11.2204
33.0000 0.5288 0.5288 -9.5125
34.0000 0.8557 0.8557 -0.3990
35.0000 1.0184 1.0184 9.5916
36.0000 0.9295 0.9295 9.8750
37.0000 0.7642 0.7642 1.0035
38.0000 0.7642 0.7642 -4.3118
39.0000 0.9294 0.9294 1.9221
40.0000 1.0183 1.0183 12.3017
41.0000 0.8553 0.8553 14.5016
42.0000 0.5277 0.5277 7.4146
43.0000 0.2370 0.2370 -0.5233
44.0000 0.0773 0.0773 -3.9594
45.0000 0.0183 0.0183 -3.9600
46.0000 0.0032 0.0032 -3.0376
47.0000 0.0004 0.0004 -2.2947
48.0000 0.0000 0.0000 -1.8306
49.0000 0.0000 0.0000 -1.5384
50.0000 0.0000 0.0000 -1.3386
51.0000 0.0000 0.0000 -1.1952
52.0000 0.0000 0.0000 -1.0864
53.0000 0.0000 0.0000 -1.0032
54.0000 0.0000 0.0000 -0.9371
55.0000 0.0000 0.0000 -0.8851
56.0000 0.0000 0.0000 -0.8428
57.0000 0.0000 0.0000 -0.8095
58.0000 0.0000 0.0000 -0.7824
59.0000 0.0000 0.0000 -0.7616
60.0000 0.0000 -0.0000 -0.7454
61.0000 0.0000 -0.0000 -0.7340
62.0000 0.0000 -0.0000 -0.7264
63.0000 0.0000 -0.0000 -0.7227
