./src/explore_ecebes.py:94: RuntimeWarning: divide by zero encountered in log
  OUT = np.log(np.power(AX,int(2)))
./src/explore_ecebes.py:95: RuntimeWarning: invalid value encountered in multiply
  BG = np.fft.ifft(np.fft.fft(OUT.copy(),axis=0) * buildfilt(nsamples,nfolds,cutoff=0.05) ,axis=0).real
./src/explore_ecebes.py:41: RuntimeWarning: invalid value encountered in double_scalars
  g -= xpows.dot(th)/(powrange[1:]*xpows[:-1]).dot(th[1:])
600000 5318591
sz_ece = 2359295	sz_bes = 4718590	sz_bes-2*sz_ece = 0
nfolds*nsamples =  2358272
01
[ 1.15372059e+01  3.82666303e-02 -3.84382625e-03 -3.72410079e-04] 29.334584906757584 4.007333185232471
ecevf01 (1024, 2303)
02
[ 1.15200509e+01  5.26775578e-02 -6.85195711e-03 -1.76933058e-04] 32.45539590704624 3.044522437723423
ecevf02 (1024, 2303)
03
[ 1.15404791e+01  3.57645329e-02 -3.27306824e-03 -3.93387645e-04] 29.249423855970726 3.4339872044851463
ecevf03 (1024, 2303)
04
[ 1.15253647e+01  4.19255261e-02 -3.59607837e-03 -4.16714616e-04] 28.66463699743313 4.762173934797756
ecevf04 (1024, 2303)
05
[ 1.15246078e+01  4.79077076e-02 -5.99722966e-03 -2.11626764e-04] 32.033679379327126 4.143134726391533
ecevf05 (1024, 2303)
06
[ 1.15392585e+01  3.41041249e-02 -2.39458132e-03 -4.92071581e-04] 27.882538778274846 5.720311776607412
ecevf06 (1024, 2303)
07
[ 1.15264094e+01  4.50311447e-02 -4.95150150e-03 -3.02313254e-04] 30.28605076771043 5.459585514144159
ecevf07 (1024, 2303)
08
[ 1.15439232e+01  3.02765315e-02 -9.37752377e-04 -6.19126010e-04] 26.644416294674347 5.937536205082426
ecevf08 (1024, 2303)
09
[ 1.15171712e+01  5.56698046e-02 -7.45395527e-03 -1.46417926e-04] 33.00375619471469 5.484796933490655
ecevf09 (1024, 2303)
10
[ 1.15251908e+01  4.74049157e-02 -5.64666268e-03 -2.59561765e-04] 30.88568676797114 5.680172609017068
ecevf10 (1024, 2303)
11
[ 1.15360417e+01  3.41013806e-02 -2.01521232e-03 -5.19031471e-04] 27.65376332678965 5.659482215759621
ecevf11 (1024, 2303)
12
[ 1.15208636e+01  5.17709258e-02 -6.85283596e-03 -1.77618482e-04] 32.398110210346736 5.3230099791384085
ecevf12 (1024, 2303)
13
[ 1.15231840e+01  4.44109551e-02 -4.12462915e-03 -3.96291138e-04] 28.75883452522082 5.594711379601839
ecevf13 (1024, 2303)
14
[ 1.15387855e+01  4.06032010e-02 -4.68427108e-03 -3.13790307e-04] 30.10645714576382 5.814130531825066
ecevf14 (1024, 2303)
15
[ 1.15167922e+01  5.25476431e-02 -6.79034240e-03 -1.75798216e-04] 32.55955288178582 5.231108616854587
ecevf15 (1024, 2303)
16
[ 1.15317521e+01  3.82540908e-02 -3.62446505e-03 -3.90052949e-04] 29.11058096196793 5.54907608489522
ecevf16 (1024, 2303)
17
[ 1.15355348e+01  5.02817516e-02 -6.72769876e-03 -2.18306939e-04] 31.152148869478925 5.855071922202427
ecevf17 (1024, 2303)
18
[ 1.15261474e+01  4.92858670e-02 -5.72042343e-03 -3.10713515e-04] 29.5474879720433 6.267200548541362
ecevf18 (1024, 2303)
19
[ 1.15320065e+01  4.82261751e-02 -5.97381025e-03 -2.70138571e-04] 30.32355211101919 6.46302945692067
ecevf19 (1024, 2303)
20
[ 1.15111012e+01  6.60457407e-02 -9.85133532e-03 -2.39155185e-05] 36.01185771921938 4.07753744390572
ecevf20 (1024, 2303)
21
[ 1.15408432e+01  4.29084517e-02 -4.92133756e-03 -3.42124561e-04] 29.298981724807508 6.688354713946762
ecevf21 (1024, 2303)
22
ecevf22 (1024, 2303)
23
[ 1.15380420e+01  4.79098497e-02 -6.12055408e-03 -2.63138843e-04] 30.375318613225897 6.395261598115449
ecevf23 (1024, 2303)
24
[ 1.15422871e+01  4.20188657e-02 -4.66113414e-03 -3.61066743e-04] 29.057900138551158 6.90875477931522
ecevf24 (1024, 2303)
25
[ 1.15208216e+01  5.66811938e-02 -7.74655368e-03 -1.67109894e-04] 31.94299453068739 5.783825182329737
ecevf25 (1024, 2303)
26
ecevf26 (1024, 2303)
27
[ 1.15200670e+01  5.16358129e-02 -6.54528190e-03 -2.12191346e-04] 31.555434995016018 5.231108616854587
ecevf27 (1024, 2303)
28
[ 1.15575150e+01  3.41768022e-02 -3.44563927e-03 -4.33208035e-04] 28.281000712142365 7.261927092702751
ecevf28 (1024, 2303)
29
[ 1.15360031e+01  4.03055118e-02 -4.16647840e-03 -3.67681134e-04] 29.24196495368279 6.251903883165888
ecevf29 (1024, 2303)
30
[ 1.15363968e+01  4.27189745e-02 -4.55135963e-03 -3.67074102e-04] 29.024455466430382 6.2166061010848646
ecevf30 (1024, 2303)
31
[ 1.15319876e+01  3.69866996e-02 -2.61502534e-03 -4.91852049e-04] 27.805598889446166 6.018593214496234
ecevf31 (1024, 2303)
32
[ 1.15425087e+01  3.89331723e-02 -4.52053045e-03 -3.11280536e-04] 30.268525716749778 5.442417710521793
ecevf32 (1024, 2303)
33
[ 1.15359881e+01  4.04704354e-02 -3.50918502e-03 -4.59591349e-04] 27.883402248386474 6.561030665896573
ecevf33 (1024, 2303)
34
[ 1.15358281e+01  4.64886733e-02 -5.63286199e-03 -2.95264826e-04] 29.925970374126997 6.375024819828097
ecevf34 (1024, 2303)
35
[ 1.15338727e+01  3.96822914e-02 -3.38992878e-03 -4.49799489e-04] 28.12019314271875 5.926926025970411
ecevf35 (1024, 2303)
36
[ 1.15480886e+01  3.14018441e-02 -2.16273646e-03 -4.91321025e-04] 27.990814019428527 6.20050917404269
ecevf36 (1024, 2303)
37
[ 1.15330832e+01  4.01536587e-02 -3.67061938e-03 -4.16626100e-04] 28.57490586715859 6.052089168924417
ecevf37 (1024, 2303)
38
[ 1.15111063e+01  5.45393534e-02 -6.19240361e-03 -2.68813602e-04] 30.331316738066658 5.442417710521793
ecevf38 (1024, 2303)
39
[ 1.15387413e+01  3.38106398e-02 -2.05835778e-03 -5.20007322e-04] 27.60577378431227 6.658011045870748
ecevf39 (1024, 2303)
40
[ 1.15056649e+01  5.24640804e-02 -5.60785890e-03 -2.79093909e-04] 30.515523611501465 1.6094379124341003
ecevf40 (1024, 2303)
