./src/explore_ecebes.py:96: RuntimeWarning: divide by zero encountered in log
  OUT = np.log(np.power(AX,int(2)))
./src/explore_ecebes.py:97: RuntimeWarning: invalid value encountered in multiply
  BG = np.fft.ifft(np.fft.fft(OUT.copy(),axis=0) * buildfilt(nsamples,nfolds,cutoff=0.05) ,axis=0).real
./src/explore_ecebes.py:41: RuntimeWarning: invalid value encountered in double_scalars
  g -= xpows.dot(th)/(powrange[1:]*xpows[:-1]).dot(th[1:])
600000 5318591
sz_ece = 2359295	sz_bes = 4718590	sz_bes-2*sz_ece = 0
nfolds*nsamples =  2358272
01
02
03
04
05
06
07
08
09
10
11
12
13
14
15
16
17
18
19
20
21
22
23
24
25
26
27
28
29
30
31
32
33
34
35
36
37
38
39
40
