./src/explore_ecebes.py:96: RuntimeWarning: divide by zero encountered in log
  OUT = np.log(np.power(AX,int(2)))
./src/explore_ecebes.py:97: RuntimeWarning: invalid value encountered in multiply
  BG = np.fft.ifft(np.fft.fft(OUT.copy(),axis=0) * buildfilt(nsamples,nfolds,cutoff=0.05) ,axis=0).real
./src/explore_ecebes.py:41: RuntimeWarning: invalid value encountered in double_scalars
  g -= xpows.dot(th)/(powrange[1:]*xpows[:-1]).dot(th[1:])
600000 5318591
sz_ece = 2359295	sz_bes = 4718590	sz_bes-2*sz_ece = 0
nfolds*nsamples =  2358272
01
[ 1.10609822e+01  2.36928436e-02 -1.21231620e-03 -1.00474002e-04] 46.10068012890231 3.8501476017100584
ecevf01 (1024, 2303)
02
[ 1.10482568e+01  3.12772736e-02 -2.26150715e-03 -5.64286761e-05] 50.1967456249187 3.295836866004329
ecevf02 (1024, 2303)
03
[ 1.10519464e+01  2.84143420e-02 -1.84601604e-03 -7.20289578e-05] 48.70787360509984 2.70805020110221
ecevf03 (1024, 2303)
04
[ 1.10439530e+01  2.88433894e-02 -1.57058144e-03 -9.09610298e-05] 46.6295294951097 4.343805421853684
ecevf04 (1024, 2303)
05
[ 1.10462487e+01  3.06206934e-02 -2.16288092e-03 -5.77522747e-05] 50.319006346212014 4.204692619390966
ecevf05 (1024, 2303)
06
[ 1.10614527e+01  2.24120434e-02 -8.85730017e-04 -1.18263021e-04] 44.666894003214615 5.25227342804663
ecevf06 (1024, 2303)
07
[ 1.10507938e+01  2.83255995e-02 -1.77688529e-03 -7.63149882e-05] 48.21058305248447 5.030437921392435
ecevf07 (1024, 2303)
08
[ 1.10529904e+01  2.67346029e-02 -1.25601314e-03 -1.10727692e-04] 44.76813983046892 5.262690188904886
ecevf08 (1024, 2303)
09
[ 1.10488270e+01  3.14671466e-02 -2.28497302e-03 -5.65930477e-05] 50.07026097354963 5.153291594497779
ecevf09 (1024, 2303)
10
[ 1.10451425e+01  3.06418510e-02 -2.02482713e-03 -7.05504959e-05] 48.411030716001115 5.209486152841421
ecevf10 (1024, 2303)
11
[ 1.10486716e+01  2.71451958e-02 -1.34735752e-03 -1.02111406e-04] 45.65189380707781 5.293304824724492
ecevf11 (1024, 2303)
12
[ 1.10398931e+01  3.49091700e-02 -2.79156260e-03 -3.66085098e-05] 52.53351839168342 4.795790545596741
ecevf12 (1024, 2303)
13
[ 1.10564585e+01  2.27196136e-02 -7.01605203e-04 -1.29184494e-04] 43.90746515158185 5.293304824724492
ecevf13 (1024, 2303)
14
[ 1.10492093e+01  3.18823433e-02 -2.44339221e-03 -5.10542101e-05] 50.549386206524225 5.389071729816501
ecevf14 (1024, 2303)
15
[ 1.10375893e+01  3.46605952e-02 -2.69084841e-03 -3.86272388e-05] 52.52697817422742 4.762173934797756
ecevf15 (1024, 2303)
16
[ 1.10574974e+01  2.35210910e-02 -1.19230242e-03 -9.96258984e-05] 46.279998971124684 5.187385805840755
ecevf16 (1024, 2303)
17
[ 1.10490225e+01  3.52833255e-02 -2.77985055e-03 -4.82791081e-05] 49.90416854755125 5.6937321388027
ecevf17 (1024, 2303)
18
[ 1.10479968e+01  3.22383306e-02 -2.24361859e-03 -7.08631037e-05] 47.61629775932832 5.855071922202427
ecevf18 (1024, 2303)
19
[ 1.10529654e+01  3.18257623e-02 -2.35169456e-03 -6.15262446e-05] 48.824195580008585 6.175867270105761
ecevf19 (1024, 2303)
20
[ 1.10360921e+01  4.05595289e-02 -3.46485839e-03 -2.04030475e-05] 53.9163997191372 5.043425116919247
ecevf20 (1024, 2303)
21
[ 1.10537044e+01  3.21256974e-02 -2.39948735e-03 -6.15585958e-05] 48.64461273638455 6.1675164908883415
ecevf21 (1024, 2303)
22
Traceback (most recent call last):
  File "./src/explore_ecebes.py", line 153, in <module>
    main()
  File "./src/explore_ecebes.py", line 108, in main
    p = np.max(h[inds])
  File "<__array_function__ internals>", line 6, in amax
  File "/home/rc8936/.conda/envs/rnc_fes/lib/python3.7/site-packages/numpy/core/fromnumeric.py", line 2621, in amax
    keepdims=keepdims, initial=initial, where=where)
  File "/home/rc8936/.conda/envs/rnc_fes/lib/python3.7/site-packages/numpy/core/fromnumeric.py", line 90, in _wrapreduction
    return ufunc.reduce(obj, axis, dtype, out, **passkwargs)
ValueError: zero-size array to reduction operation maximum which has no identity
